0 info it worked if it ends with ok
1 verbose cli [ 'C:\\Program Files\\nodejs\\node.exe',
1 verbose cli   'C:\\Program Files\\nodejs\\node_modules\\npm\\bin\\npm-cli.js',
1 verbose cli   'run',
1 verbose cli   'serverstart' ]
2 info using npm@4.1.2
3 info using node@v7.6.0
4 verbose run-script [ 'preserverstart', 'serverstart', 'postserverstart' ]
5 info lifecycle blind_date@1.0.0~preserverstart: blind_date@1.0.0
6 silly lifecycle blind_date@1.0.0~preserverstart: no script for preserverstart, continuing
7 info lifecycle blind_date@1.0.0~serverstart: blind_date@1.0.0
8 verbose lifecycle blind_date@1.0.0~serverstart: unsafe-perm in lifecycle true
9 verbose lifecycle blind_date@1.0.0~serverstart: PATH: C:\Program Files\nodejs\node_modules\npm\bin\node-gyp-bin;C:\Users\Michael\Desktop\lfz\C1.17_blind_date\node_modules\.bin;C:\Python27\;C:\Python27\Scripts;C:\Program Files (x86)\NVIDIA Corporation\PhysX\Common;C:\Program Files (x86)\Intel\iCLS Client\;C:\Program Files\Intel\iCLS Client\;C:\WINDOWS\system32;C:\WINDOWS;C:\WINDOWS\System32\Wbem;C:\WINDOWS\System32\WindowsPowerShell\v1.0\;C:\Program Files (x86)\Intel\Intel(R) Management Engine Components\DAL;C:\Program Files\Intel\Intel(R) Management Engine Components\DAL;C:\Program Files (x86)\Intel\Intel(R) Management Engine Components\IPT;C:\Program Files\Intel\Intel(R) Management Engine Components\IPT;C:\Program Files\Git\cmd;C:\ProgramData\chocolatey\bin;C:\Program Files\nodejs\;C:\Program Files\Java\jdk1.8.0_121\bin;C:\Users\Michael\AppData\Local\Microsoft\WindowsApps;C:\Users\Michael\AppData\Roaming\npm;C:\Users\Michael\AppData\Local\atom\bin;C:\Program Files (x86)\Microsoft VS Code\bin
10 verbose lifecycle blind_date@1.0.0~serverstart: CWD: C:\Users\Michael\Desktop\lfz\C1.17_blind_date
11 silly lifecycle blind_date@1.0.0~serverstart: Args: [ '/d /s /c',
11 silly lifecycle   'nodemon server.js --exec babel-node --presets es2015,stage-2' ]
12 silly lifecycle blind_date@1.0.0~serverstart: Returned: code: 3221225786  signal: null
13 info lifecycle blind_date@1.0.0~serverstart: Failed to exec serverstart script
14 verbose stack Error: blind_date@1.0.0 serverstart: `nodemon server.js --exec babel-node --presets es2015,stage-2`
14 verbose stack Exit status 3221225786
14 verbose stack     at EventEmitter.<anonymous> (C:\Program Files\nodejs\node_modules\npm\lib\utils\lifecycle.js:279:16)
14 verbose stack     at emitTwo (events.js:106:13)
14 verbose stack     at EventEmitter.emit (events.js:192:7)
14 verbose stack     at ChildProcess.<anonymous> (C:\Program Files\nodejs\node_modules\npm\lib\utils\spawn.js:40:14)
14 verbose stack     at emitTwo (events.js:106:13)
14 verbose stack     at ChildProcess.emit (events.js:192:7)
14 verbose stack     at maybeClose (internal/child_process.js:890:16)
14 verbose stack     at Process.ChildProcess._handle.onexit (internal/child_process.js:226:5)
15 verbose pkgid blind_date@1.0.0
16 verbose cwd C:\Users\Michael\Desktop\lfz\C1.17_blind_date
17 error Windows_NT 10.0.14393
18 error argv "C:\\Program Files\\nodejs\\node.exe" "C:\\Program Files\\nodejs\\node_modules\\npm\\bin\\npm-cli.js" "run" "serverstart"
19 error node v7.6.0
20 error npm  v4.1.2
21 error code ELIFECYCLE
22 error blind_date@1.0.0 serverstart: `nodemon server.js --exec babel-node --presets es2015,stage-2`
22 error Exit status 3221225786
23 error Failed at the blind_date@1.0.0 serverstart script 'nodemon server.js --exec babel-node --presets es2015,stage-2'.
23 error Make sure you have the latest version of node.js and npm installed.
23 error If you do, this is most likely a problem with the blind_date package,
23 error not with npm itself.
23 error Tell the author that this fails on your system:
23 error     nodemon server.js --exec babel-node --presets es2015,stage-2
23 error You can get information on how to open an issue for this project with:
23 error     npm bugs blind_date
23 error Or if that isn't available, you can get their info via:
23 error     npm owner ls blind_date
23 error There is likely additional logging output above.
24 verbose exit [ 1, true ]
